<?xml version="1.0" encoding="UTF-8"?>
<!-- Generated by org.testng.reporters.JUnitReportReporter -->
<testsuite hostname="DESKTOP-B0SIMJH" failures="0" tests="1" name="TestCases.AdminUserTestcase" time="4.207" errors="0" timestamp="26 Jul 2022 13:27:31 GMT" skipped="0">
  <testcase classname="TestCases.AdminUserTestcase" name="verifyAdminUserage" time="4.207"/>
</testsuite> <!-- TestCases.AdminUserTestcase -->
