<?xml version="1.0" encoding="UTF-8"?>
<!-- Generated by org.testng.reporters.JUnitReportReporter -->
<testsuite hostname="DESKTOP-B0SIMJH" failures="0" tests="1" name="TestCases.LoginTestcase" time="2.584" errors="0" timestamp="27 Jul 2022 13:43:59 GMT" skipped="0">
  <testcase classname="TestCases.LoginTestcase" name="VaildLogin" time="2.584"/>
</testsuite> <!-- TestCases.LoginTestcase -->
