<?xml version="1.0" encoding="UTF-8"?>
<!-- Generated by org.testng.reporters.JUnitReportReporter -->
<testsuite hostname="DESKTOP-B0SIMJH" failures="0" tests="1" name="TestCases.UserManagementPageTestcase" time="4.470" errors="0" timestamp="26 Jul 2022 13:19:47 GMT" skipped="0">
  <testcase classname="TestCases.UserManagementPageTestcase" name="verifyUserManagePage" time="4.470"/>
</testsuite> <!-- TestCases.UserManagementPageTestcase -->
