<?xml version="1.0" encoding="UTF-8"?>
<!-- Generated by org.testng.reporters.JUnitReportReporter -->
<testsuite hostname="DESKTOP-B0SIMJH" failures="0" tests="1" name="TestCases.Testcla" time="3.237" errors="0" timestamp="26 Jul 2022 08:59:39 GMT" skipped="0">
  <testcase classname="TestCases.Testcla" name="openchrome" time="3.237"/>
</testsuite> <!-- TestCases.Testcla -->
