<?xml version="1.0" encoding="UTF-8"?>
<!-- Generated by org.testng.reporters.JUnitReportReporter -->
<testsuite hostname="DESKTOP-B0SIMJH" failures="0" tests="2" name="TestCases.DashboardMenuTestcase" time="11.545" errors="0" timestamp="28 Jul 2022 07:57:39 GMT" skipped="0">
  <testcase classname="TestCases.DashboardMenuTestcase" name="Navigate_AdminRoles" time="5.999"/>
  <testcase classname="TestCases.DashboardMenuTestcase" name="Navigate_userManagement" time="5.546"/>
</testsuite> <!-- TestCases.DashboardMenuTestcase -->
