<?xml version="1.0" encoding="UTF-8"?>
<!-- Generated by org.testng.reporters.JUnitReportReporter -->
<testsuite hostname="DESKTOP-B0SIMJH" failures="0" tests="1" name="TestCases.AdminRolesTestcase" time="4.488" errors="0" timestamp="26 Jul 2022 13:01:24 GMT" skipped="0">
  <testcase classname="TestCases.AdminRolesTestcase" name="verifyadminpage" time="4.488"/>
</testsuite> <!-- TestCases.AdminRolesTestcase -->
